<?xml version="1.0" encoding="UTF-8"?>
<!-- Generated by org.testng.reporters.JUnitReportReporter -->
<testsuite hostname="ajay-PC" name="runner.Runner" tests="1" failures="0" timestamp="29 Jul 2018 00:42:53 GMT" time="44.580" errors="0">
  <testcase name="feature" time="44.580" classname="runner.Runner"/>
</testsuite> <!-- runner.Runner -->
